<?xml version="1.0" encoding="UTF-8"?>
<!-- Generated by org.testng.reporters.JUnitXMLReporter -->
<testsuite ignored="0" hostname="Carloss-MacBook-Pro.local" failures="0" tests="4" name="Surefire test" time="12.762" errors="0" timestamp="2023-03-09T14:10:18 CST">
  <testcase classname="dropdown.DropdownTests" name="testSelectOption" time="0.284"/>
  <testcase classname="hover.HoverTests" name="testHoverUser1" time="0.426"/>
  <testcase classname="recovery.ForgotPassTests" name="testPasswordRecovery" time="0.535"/>
  <testcase classname="login.LoginTests" name="testSuccesfullLogin" time="0.72"/>
</testsuite> <!-- Surefire test -->
