<?xml version="1.0" encoding="UTF-8"?>
<testng-results ignored="0" total="4" passed="4" failed="0" skipped="0">
  <reporter-output>
  </reporter-output>
  <suite started-at="2023-03-09T14:10:06 CST" name="Surefire suite" finished-at="2023-03-09T14:10:18 CST" duration-ms="12762">
    <groups>
    </groups>
    <test started-at="2023-03-09T14:10:06 CST" name="Surefire test" finished-at="2023-03-09T14:10:18 CST" duration-ms="12762">
      <class name="dropdown.DropdownTests">
        <test-method is-config="true" signature="setUp()[pri:0, instance:dropdown.DropdownTests@2c34f934]" started-at="2023-03-09T14:10:06 CST" name="setUp" finished-at="2023-03-09T14:10:09 CST" duration-ms="3059" status="PASS">
          <reporter-output>
          </reporter-output>
        </test-method> <!-- setUp -->
        <test-method signature="testSelectOption()[pri:0, instance:dropdown.DropdownTests@2c34f934]" started-at="2023-03-09T14:10:09 CST" name="testSelectOption" finished-at="2023-03-09T14:10:09 CST" duration-ms="284" status="PASS">
          <reporter-output>
          </reporter-output>
        </test-method> <!-- testSelectOption -->
        <test-method is-config="true" signature="tearDown()[pri:0, instance:dropdown.DropdownTests@2c34f934]" started-at="2023-03-09T14:10:09 CST" name="tearDown" finished-at="2023-03-09T14:10:09 CST" duration-ms="110" status="PASS">
          <reporter-output>
          </reporter-output>
        </test-method> <!-- tearDown -->
      </class> <!-- dropdown.DropdownTests -->
      <class name="login.LoginTests">
        <test-method is-config="true" signature="setUp()[pri:0, instance:login.LoginTests@17c386de]" started-at="2023-03-09T14:10:15 CST" name="setUp" finished-at="2023-03-09T14:10:18 CST" duration-ms="2185" status="PASS">
          <reporter-output>
          </reporter-output>
        </test-method> <!-- setUp -->
        <test-method signature="testSuccesfullLogin()[pri:0, instance:login.LoginTests@17c386de]" started-at="2023-03-09T14:10:18 CST" name="testSuccesfullLogin" finished-at="2023-03-09T14:10:18 CST" duration-ms="720" status="PASS">
          <reporter-output>
          </reporter-output>
        </test-method> <!-- testSuccesfullLogin -->
        <test-method is-config="true" signature="tearDown()[pri:0, instance:login.LoginTests@17c386de]" started-at="2023-03-09T14:10:18 CST" name="tearDown" finished-at="2023-03-09T14:10:18 CST" duration-ms="119" status="PASS">
          <reporter-output>
          </reporter-output>
        </test-method> <!-- tearDown -->
      </class> <!-- login.LoginTests -->
      <class name="hover.HoverTests">
        <test-method is-config="true" signature="setUp()[pri:0, instance:hover.HoverTests@548a102f]" started-at="2023-03-09T14:10:09 CST" name="setUp" finished-at="2023-03-09T14:10:12 CST" duration-ms="2716" status="PASS">
          <reporter-output>
          </reporter-output>
        </test-method> <!-- setUp -->
        <test-method signature="testHoverUser1()[pri:0, instance:hover.HoverTests@548a102f]" started-at="2023-03-09T14:10:12 CST" name="testHoverUser1" finished-at="2023-03-09T14:10:12 CST" duration-ms="426" status="PASS">
          <reporter-output>
          </reporter-output>
        </test-method> <!-- testHoverUser1 -->
        <test-method is-config="true" signature="tearDown()[pri:0, instance:hover.HoverTests@548a102f]" started-at="2023-03-09T14:10:12 CST" name="tearDown" finished-at="2023-03-09T14:10:12 CST" duration-ms="119" status="PASS">
          <reporter-output>
          </reporter-output>
        </test-method> <!-- tearDown -->
      </class> <!-- hover.HoverTests -->
      <class name="recovery.ForgotPassTests">
        <test-method is-config="true" signature="setUp()[pri:0, instance:recovery.ForgotPassTests@5762806e]" started-at="2023-03-09T14:10:12 CST" name="setUp" finished-at="2023-03-09T14:10:15 CST" duration-ms="2348" status="PASS">
          <reporter-output>
          </reporter-output>
        </test-method> <!-- setUp -->
        <test-method signature="testPasswordRecovery()[pri:0, instance:recovery.ForgotPassTests@5762806e]" started-at="2023-03-09T14:10:15 CST" name="testPasswordRecovery" finished-at="2023-03-09T14:10:15 CST" duration-ms="535" status="PASS">
          <reporter-output>
          </reporter-output>
        </test-method> <!-- testPasswordRecovery -->
        <test-method is-config="true" signature="tearDown()[pri:0, instance:recovery.ForgotPassTests@5762806e]" started-at="2023-03-09T14:10:15 CST" name="tearDown" finished-at="2023-03-09T14:10:15 CST" duration-ms="115" status="PASS">
          <reporter-output>
          </reporter-output>
        </test-method> <!-- tearDown -->
      </class> <!-- recovery.ForgotPassTests -->
    </test> <!-- Surefire test -->
  </suite> <!-- Surefire suite -->
</testng-results>
